Unsupposrted library path: C:\Users\Admin\MCreatorWorkspaces\BloodWorld\build\classes\java\api
Unsupposrted library path: C:\Users\Admin\MCreatorWorkspaces\BloodWorld\build\resources\api
Symbol range map extraction starting
Processing 63 files
startProcessing "net/mcreator/bloodworld/BloodworldMod.java" md5: 23541fb637d96d052e3cb34bc783f864
endProcessing "net/mcreator/bloodworld/BloodworldMod.java"

startProcessing "net/mcreator/bloodworld/BloodworldModVariables.java" md5: a456317d3196106a73ab43b051b5c94e
endProcessing "net/mcreator/bloodworld/BloodworldModVariables.java"

startProcessing "net/mcreator/bloodworld/ClientProxyBloodworldMod.java" md5: 79cae38c35b4869a257a67b01a189c26
endProcessing "net/mcreator/bloodworld/ClientProxyBloodworldMod.java"

startProcessing "net/mcreator/bloodworld/ElementsBloodworldMod.java" md5: 190cc2266384a69d747d1bbdc494bac4
endProcessing "net/mcreator/bloodworld/ElementsBloodworldMod.java"

startProcessing "net/mcreator/bloodworld/IProxyBloodworldMod.java" md5: e9625058efe8aa3e4155f8e9e37c5678
endProcessing "net/mcreator/bloodworld/IProxyBloodworldMod.java"

startProcessing "net/mcreator/bloodworld/ServerProxyBloodworldMod.java" md5: e663e8c921694abeeef460570f596848
endProcessing "net/mcreator/bloodworld/ServerProxyBloodworldMod.java"

startProcessing "net/mcreator/bloodworld/block/BlockBlockBloodBlossom.java" md5: a435910f10c11ec13f8fd2d1afab2dab
endProcessing "net/mcreator/bloodworld/block/BlockBlockBloodBlossom.java"

startProcessing "net/mcreator/bloodworld/block/BlockBlockBloodDrop.java" md5: c7462ffaa355d17c8f3522e7e6c0f9c2
endProcessing "net/mcreator/bloodworld/block/BlockBlockBloodDrop.java"

startProcessing "net/mcreator/bloodworld/block/BlockBlockBloodFlower.java" md5: 6687c535cb1f1f14ef0a5d778503a2a7
endProcessing "net/mcreator/bloodworld/block/BlockBlockBloodFlower.java"

startProcessing "net/mcreator/bloodworld/block/BlockBlockBloodFlower2.java" md5: 81df5fdfe74428c9e185f20f36a2e1f7
endProcessing "net/mcreator/bloodworld/block/BlockBlockBloodFlower2.java"

startProcessing "net/mcreator/bloodworld/block/BlockBlockBloodGrass.java" md5: 47ca3c4c4e7114fba01d9a416da88a77
endProcessing "net/mcreator/bloodworld/block/BlockBlockBloodGrass.java"

startProcessing "net/mcreator/bloodworld/block/BlockBlockBloodLeaves.java" md5: 172507279dbde7b27b6e39ba9d9240c4
endProcessing "net/mcreator/bloodworld/block/BlockBlockBloodLeaves.java"

startProcessing "net/mcreator/bloodworld/block/BlockBlockBloodLog.java" md5: 3f48fb36eeb76c95c92e7c260f87dd61
endProcessing "net/mcreator/bloodworld/block/BlockBlockBloodLog.java"

startProcessing "net/mcreator/bloodworld/block/BlockBlockBloodPurifier.java" md5: ef531cfe0dbb402b711e168977d21076
endProcessing "net/mcreator/bloodworld/block/BlockBlockBloodPurifier.java"

startProcessing "net/mcreator/bloodworld/block/BlockBlockBloodSoil.java" md5: 68b7cea3562b8329cd8245307cd416c9
endProcessing "net/mcreator/bloodworld/block/BlockBlockBloodSoil.java"

startProcessing "net/mcreator/bloodworld/block/BlockBlockBloodStone.java" md5: a9f3b1c5ace37418db321b84bc97d7b7
endProcessing "net/mcreator/bloodworld/block/BlockBlockBloodStone.java"

startProcessing "net/mcreator/bloodworld/block/BlockBlockBloodStoneBrick.java" md5: 06965ae0aa65e3850d7819996f66b18e
endProcessing "net/mcreator/bloodworld/block/BlockBlockBloodStoneBrick.java"

startProcessing "net/mcreator/bloodworld/block/BlockBlockBloodWoodPlanks.java" md5: 64f9b8bdcfd6179e7b5004fbcdd789b5
endProcessing "net/mcreator/bloodworld/block/BlockBlockBloodWoodPlanks.java"

startProcessing "net/mcreator/bloodworld/block/BlockBlockBloodstoneCobble.java" md5: b212c7487234f490c95d3c4558408e24
endProcessing "net/mcreator/bloodworld/block/BlockBlockBloodstoneCobble.java"

startProcessing "net/mcreator/bloodworld/block/BlockBlockCrustedBlood.java" md5: 424b664ceb47feb416edbf4741d6e966
endProcessing "net/mcreator/bloodworld/block/BlockBlockCrustedBlood.java"

startProcessing "net/mcreator/bloodworld/block/BlockBloodBlock.java" md5: 686645e8fa7743331bc0593f69d27225
endProcessing "net/mcreator/bloodworld/block/BlockBloodBlock.java"

startProcessing "net/mcreator/bloodworld/block/BlockBloodOre.java" md5: 389dd23b69bed5f4f29b3070c0871519
endProcessing "net/mcreator/bloodworld/block/BlockBloodOre.java"

startProcessing "net/mcreator/bloodworld/block/BlockBloodWoodDoor.java" md5: 906e23cb7d6900fe9bd0901d661f4014
endProcessing "net/mcreator/bloodworld/block/BlockBloodWoodDoor.java"

startProcessing "net/mcreator/bloodworld/block/BlockBloodWoodFence.java" md5: c95a44d8435efcd290a234c1e0bc27b2
endProcessing "net/mcreator/bloodworld/block/BlockBloodWoodFence.java"

startProcessing "net/mcreator/bloodworld/block/BlockBloodWoodSlab.java" md5: 59fd511f518a12ffc27b003aad639876
endProcessing "net/mcreator/bloodworld/block/BlockBloodWoodSlab.java"

startProcessing "net/mcreator/bloodworld/block/BlockBloodWoodTrapDoor.java" md5: 116a640e98022d7a61971f6518bf7dd1
endProcessing "net/mcreator/bloodworld/block/BlockBloodWoodTrapDoor.java"

startProcessing "net/mcreator/bloodworld/block/BlockFluidBlood.java" md5: d799ee6355ef6dbed2a9873ca3796775
endProcessing "net/mcreator/bloodworld/block/BlockFluidBlood.java"

startProcessing "net/mcreator/bloodworld/block/BlockPlantBloodReeds.java" md5: 1478aa79839b11bf8136bb74c587d52e
endProcessing "net/mcreator/bloodworld/block/BlockPlantBloodReeds.java"

startProcessing "net/mcreator/bloodworld/block/BlockPlantBloodshroom0.java" md5: 7ae4325350b39eb486a315f6cb87890b
endProcessing "net/mcreator/bloodworld/block/BlockPlantBloodshroom0.java"

startProcessing "net/mcreator/bloodworld/command/CommandVersionInfo.java" md5: e09a9ad0464932ee96e227010f1e39ba
endProcessing "net/mcreator/bloodworld/command/CommandVersionInfo.java"

startProcessing "net/mcreator/bloodworld/creativetab/TabTabBloodWorld.java" md5: 53357eb868c5e39f9642b78c0a0dbe30
endProcessing "net/mcreator/bloodworld/creativetab/TabTabBloodWorld.java"

startProcessing "net/mcreator/bloodworld/entity/EntityEntityBloodSucker.java" md5: 6f8937ca55dd8144554212f8f6700c54
endProcessing "net/mcreator/bloodworld/entity/EntityEntityBloodSucker.java"

startProcessing "net/mcreator/bloodworld/fuel/FuelFuelBlood.java" md5: 5af655c8b959eb4c633a8ff9ac8de9e6
endProcessing "net/mcreator/bloodworld/fuel/FuelFuelBlood.java"

startProcessing "net/mcreator/bloodworld/gui/GuiGUIBloodPurifier.java" md5: 4686822c60ee6bed30990e33e10addca
endProcessing "net/mcreator/bloodworld/gui/GuiGUIBloodPurifier.java"

startProcessing "net/mcreator/bloodworld/gui/overlay/OverlayOverlayBleeding.java" md5: e49a3ff6ab6263d776b5f2b906210dad
endProcessing "net/mcreator/bloodworld/gui/overlay/OverlayOverlayBleeding.java"

startProcessing "net/mcreator/bloodworld/item/ItemBloodArmor.java" md5: c1bfa64e9ad334e1ac5ab7c259fb4472
endProcessing "net/mcreator/bloodworld/item/ItemBloodArmor.java"

startProcessing "net/mcreator/bloodworld/item/ItemBloodAxe.java" md5: 59827c36a027f14caffeedb72936438f
endProcessing "net/mcreator/bloodworld/item/ItemBloodAxe.java"

startProcessing "net/mcreator/bloodworld/item/ItemBloodHoe.java" md5: 01a2498b62185ccde6be2bf145c3102e
endProcessing "net/mcreator/bloodworld/item/ItemBloodHoe.java"

startProcessing "net/mcreator/bloodworld/item/ItemBloodIngot.java" md5: 552f99d83641c5abd1302e87a210b865
endProcessing "net/mcreator/bloodworld/item/ItemBloodIngot.java"

startProcessing "net/mcreator/bloodworld/item/ItemBloodPickaxe.java" md5: 70bed310af591b7e82d4686cf05f355e
endProcessing "net/mcreator/bloodworld/item/ItemBloodPickaxe.java"

startProcessing "net/mcreator/bloodworld/item/ItemBloodShovel.java" md5: cd2fe2ba6af069a66ef5889c5ef7c95a
endProcessing "net/mcreator/bloodworld/item/ItemBloodShovel.java"

startProcessing "net/mcreator/bloodworld/item/ItemBloodSword.java" md5: b02c917efae9f6ed4921d77d98dc9597
endProcessing "net/mcreator/bloodworld/item/ItemBloodSword.java"

startProcessing "net/mcreator/bloodworld/item/ItemDimBloodWorld.java" md5: 51fe4bf9acfef0f92ed31a9889bdb2bd
endProcessing "net/mcreator/bloodworld/item/ItemDimBloodWorld.java"

startProcessing "net/mcreator/bloodworld/item/ItemItemBandage.java" md5: 38ca99190c1d68131e43082f4b7ad390
endProcessing "net/mcreator/bloodworld/item/ItemItemBandage.java"

startProcessing "net/mcreator/bloodworld/item/ItemItemBloodOrb.java" md5: abf669c5fb79a0aef23dd69910f18304
endProcessing "net/mcreator/bloodworld/item/ItemItemBloodOrb.java"

startProcessing "net/mcreator/bloodworld/item/ItemItemBloodReeds.java" md5: 7ae27da9d72df948023fbe30011b1244
endProcessing "net/mcreator/bloodworld/item/ItemItemBloodReeds.java"

startProcessing "net/mcreator/bloodworld/item/ItemItemBloodWoodStick.java" md5: b18ec340fe8c9599f1d3797760ddd91f
endProcessing "net/mcreator/bloodworld/item/ItemItemBloodWoodStick.java"

startProcessing "net/mcreator/bloodworld/item/ItemItemDropOfBlood.java" md5: 97a5a3ee0cb644992c9d9fa19b3a6cb5
endProcessing "net/mcreator/bloodworld/item/ItemItemDropOfBlood.java"

startProcessing "net/mcreator/bloodworld/item/ItemItemFoodBloodSoup.java" md5: 1e4b713706157298a7c3246ede3a99f3
endProcessing "net/mcreator/bloodworld/item/ItemItemFoodBloodSoup.java"

startProcessing "net/mcreator/bloodworld/item/ItemItemPurfiedBlood.java" md5: 99ffad986df051132f3c5ba2217fd08b
endProcessing "net/mcreator/bloodworld/item/ItemItemPurfiedBlood.java"

startProcessing "net/mcreator/bloodworld/item/crafting/RecipeBloodOreSmelting.java" md5: 6360257c60ca055183615a61d52da09f
endProcessing "net/mcreator/bloodworld/item/crafting/RecipeBloodOreSmelting.java"

startProcessing "net/mcreator/bloodworld/item/crafting/RecipeRecipeBloodstone.java" md5: 6f5f344306c272b87fe2c1cc922d1b7b
endProcessing "net/mcreator/bloodworld/item/crafting/RecipeRecipeBloodstone.java"

startProcessing "net/mcreator/bloodworld/potion/PotionPotionBleeding.java" md5: 6cd0e84e8c768caddb75a2b7f0278251
endProcessing "net/mcreator/bloodworld/potion/PotionPotionBleeding.java"

startProcessing "net/mcreator/bloodworld/procedure/ProcedureBlockBloodDropUpdateTick.java" md5: e4b897e6aeb8b8ae180d01c8dd072706
endProcessing "net/mcreator/bloodworld/procedure/ProcedureBlockBloodDropUpdateTick.java"

startProcessing "net/mcreator/bloodworld/procedure/ProcedureBlockBloodPurifierOnBlockRightClicked.java" md5: 4b88641ef73f71507505476056be46cd
endProcessing "net/mcreator/bloodworld/procedure/ProcedureBlockBloodPurifierOnBlockRightClicked.java"

startProcessing "net/mcreator/bloodworld/procedure/ProcedureEntityBloodSuckerPlayerCollidesWithThisMob.java" md5: d668164fe5f9a29627694d1b7ec34967
endProcessing "net/mcreator/bloodworld/procedure/ProcedureEntityBloodSuckerPlayerCollidesWithThisMob.java"

startProcessing "net/mcreator/bloodworld/procedure/ProcedureFluidBloodUpdateTick.java" md5: 0eb3670d0b4b2b3455d070c202f81491
endProcessing "net/mcreator/bloodworld/procedure/ProcedureFluidBloodUpdateTick.java"

startProcessing "net/mcreator/bloodworld/procedure/ProcedureItemBloodReedsRightClickedOnBlock.java" md5: fa261d712f767d91980bd4a8aa7830d8
endProcessing "net/mcreator/bloodworld/procedure/ProcedureItemBloodReedsRightClickedOnBlock.java"

startProcessing "net/mcreator/bloodworld/procedure/ProcedurePotionBleedingOnPotionActiveTick.java" md5: 33fc6defee0ccc9a0a1521c29e41f85b
endProcessing "net/mcreator/bloodworld/procedure/ProcedurePotionBleedingOnPotionActiveTick.java"

startProcessing "net/mcreator/bloodworld/procedure/ProcedureSetModVersion.java" md5: 13871e79795536a4f76abd5fa418aaa1
endProcessing "net/mcreator/bloodworld/procedure/ProcedureSetModVersion.java"

startProcessing "net/mcreator/bloodworld/procedure/ProcedureVersionInfoCommandExecuted.java" md5: 3758870d46772aac9af81473d275e321
endProcessing "net/mcreator/bloodworld/procedure/ProcedureVersionInfoCommandExecuted.java"

startProcessing "net/mcreator/bloodworld/world/WorldDimBloodWorld.java" md5: 8389b8706dab7cb9a49cf58b540e8fc9
endProcessing "net/mcreator/bloodworld/world/WorldDimBloodWorld.java"

startProcessing "net/mcreator/bloodworld/world/biome/BiomeBiomeBloodWood.java" md5: 0afd6252fa0826dee088c520b210a802
endProcessing "net/mcreator/bloodworld/world/biome/BiomeBiomeBloodWood.java"

